  AnalogCircuit.cpp
C:\Users\Fahad\OneDrive - Seneca\Seneca\Sem_5\SED500-Introduction to Software Engineering\Assignment1\AnalogCircuit.cpp(29,19): warning C4244: 'argument': conversion from 'double' to 'GLfloat', possible loss of data
C:\Users\Fahad\OneDrive - Seneca\Seneca\Sem_5\SED500-Introduction to Software Engineering\Assignment1\AnalogCircuit.cpp(29,13): warning C4244: 'argument': conversion from 'double' to 'GLfloat', possible loss of data
C:\Users\Fahad\OneDrive - Seneca\Seneca\Sem_5\SED500-Introduction to Software Engineering\Assignment1\AnalogCircuit.cpp(58,18): warning C4244: 'initializing': conversion from 'double' to 'float', possible loss of data
C:\Users\Fahad\OneDrive - Seneca\Seneca\Sem_5\SED500-Introduction to Software Engineering\Assignment1\AnalogCircuit.cpp(59,18): warning C4244: 'initializing': conversion from 'int' to 'float', possible loss of data
C:\Users\Fahad\OneDrive - Seneca\Seneca\Sem_5\SED500-Introduction to Software Engineering\Assignment1\AnalogCircuit.cpp(62,16): warning C4244: 'initializing': conversion from 'double' to 'float', possible loss of data
C:\Users\Fahad\OneDrive - Seneca\Seneca\Sem_5\SED500-Introduction to Software Engineering\Assignment1\AnalogCircuit.cpp(63,16): warning C4244: 'initializing': conversion from 'double' to 'float', possible loss of data
C:\Users\Fahad\OneDrive - Seneca\Seneca\Sem_5\SED500-Introduction to Software Engineering\Assignment1\AnalogCircuit.cpp(69,13): warning C4244: 'argument': conversion from 'int' to 'GLfloat', possible loss of data
C:\Users\Fahad\OneDrive - Seneca\Seneca\Sem_5\SED500-Introduction to Software Engineering\Assignment1\AnalogCircuit.cpp(75,13): warning C4244: 'argument': conversion from 'double' to 'GLfloat', possible loss of data
C:\Users\Fahad\OneDrive - Seneca\Seneca\Sem_5\SED500-Introduction to Software Engineering\Assignment1\AnalogCircuit.cpp(76,33): warning C4244: 'argument': conversion from 'double' to 'GLfloat', possible loss of data
C:\Users\Fahad\OneDrive - Seneca\Seneca\Sem_5\SED500-Introduction to Software Engineering\Assignment1\AnalogCircuit.cpp(76,13): warning C4244: 'argument': conversion from 'double' to 'GLfloat', possible loss of data
C:\Users\Fahad\OneDrive - Seneca\Seneca\Sem_5\SED500-Introduction to Software Engineering\Assignment1\AnalogCircuit.cpp(83,19): warning C4244: 'argument': conversion from 'double' to 'GLfloat', possible loss of data
C:\Users\Fahad\OneDrive - Seneca\Seneca\Sem_5\SED500-Introduction to Software Engineering\Assignment1\AnalogCircuit.cpp(84,19): warning C4244: 'argument': conversion from 'double' to 'GLfloat', possible loss of data
C:\Users\Fahad\OneDrive - Seneca\Seneca\Sem_5\SED500-Introduction to Software Engineering\Assignment1\AnalogCircuit.cpp(110,27): warning C4244: 'argument': conversion from 'double' to 'GLfloat', possible loss of data
C:\Users\Fahad\OneDrive - Seneca\Seneca\Sem_5\SED500-Introduction to Software Engineering\Assignment1\AnalogCircuit.cpp(110,17): warning C4244: 'argument': conversion from 'double' to 'GLfloat', possible loss of data
C:\Users\Fahad\OneDrive - Seneca\Seneca\Sem_5\SED500-Introduction to Software Engineering\Assignment1\AnalogCircuit.cpp(116,48): warning C4244: 'argument': conversion from 'double' to 'GLfloat', possible loss of data
C:\Users\Fahad\OneDrive - Seneca\Seneca\Sem_5\SED500-Introduction to Software Engineering\Assignment1\AnalogCircuit.cpp(116,23): warning C4244: 'argument': conversion from 'double' to 'GLfloat', possible loss of data
C:\Users\Fahad\OneDrive - Seneca\Seneca\Sem_5\SED500-Introduction to Software Engineering\Assignment1\AnalogCircuit.cpp(117,60): warning C4244: 'argument': conversion from 'double' to 'GLfloat', possible loss of data
C:\Users\Fahad\OneDrive - Seneca\Seneca\Sem_5\SED500-Introduction to Software Engineering\Assignment1\AnalogCircuit.cpp(117,37): warning C4244: 'argument': conversion from 'double' to 'GLfloat', possible loss of data
  For_VS.vcxproj -> C:\Users\Fahad\OneDrive - Seneca\Seneca\Sem_5\SED500-Introduction to Software Engineering\Assignment1\For_VS\x64\Debug\For_VS.exe
